build/app/outputs/mapping/release/mapping.txt
# compiler: R8
# compiler_version: 2.1.62
# min_api: 16
# pg_map_id: 3dfa5be
# common_typos_disable
com.example.native_lib_poc.MainActivity -> com.example.native_lib_poc.MainActivity:
    int requestImageCapture -> e
    java.lang.String methodChannel -> c
    io.flutter.plugin.common.MethodChannel$Result resultTemp -> d
    void access$dispatchTakePictureIntent(com.example.native_lib_poc.MainActivity) -> M
    void access$setResultTemp$p(com.example.native_lib_poc.MainActivity,io.flutter.plugin.common.MethodChannel$Result) -> N
    void dispatchTakePictureIntent() -> O
    android.net.Uri getImageUri(android.content.Context,android.graphics.Bitmap) -> P
    java.lang.String getRealPathFromURI(android.net.Uri) -> Q
    void configureFlutterEngine(io.flutter.embedding.engine.FlutterEngine) -> t
com.example.native_lib_poc.MainActivity$configureFlutterEngine$1 -> com.example.native_lib_poc.MainActivity$a:
    com.example.native_lib_poc.MainActivity this$0 -> a
    void onMethodCall(io.flutter.plugin.common.MethodCall,io.flutter.plugin.common.MethodChannel$Result) -> a
...
io.flutter.embedding.android.TransparencyMode -> io.flutter.embedding.android.p:
    io.flutter.embedding.android.TransparencyMode[] $VALUES -> c
    io.flutter.embedding.android.TransparencyMode transparent -> b
    io.flutter.embedding.android.TransparencyMode opaque -> a
io.flutter.embedding.engine.FlutterEngine -> io.flutter.embedding.engine.a:
    io.flutter.embedding.engine.systemchannels.RestorationChannel restorationChannel -> m
    io.flutter.embedding.engine.dart.DartExecutor dartExecutor -> c
    io.flutter.embedding.engine.systemchannels.LifecycleChannel lifecycleChannel -> i
    io.flutter.embedding.engine.systemchannels.LocalizationChannel localizationChannel -> j
    java.util.Set engineLifecycleListeners -> s
    io.flutter.embedding.engine.FlutterEngine$EngineLifecycleListener engineLifecycleListener -> t
    io.flutter.embedding.engine.systemchannels.AccessibilityChannel accessibilityChannel -> f
    io.flutter.embedding.engine.systemchannels.KeyEventChannel keyEventChannel -> h
    io.flutter.embedding.engine.systemchannels.DeferredComponentChannel deferredComponentChannel -> g
    io.flutter.embedding.engine.systemchannels.NavigationChannel navigationChannel -> l
    io.flutter.embedding.engine.systemchannels.TextInputChannel textInputChannel -> q
    io.flutter.embedding.engine.FlutterEngineConnectionRegistry pluginRegistry -> d
    io.flutter.embedding.engine.FlutterJNI flutterJNI -> a
    io.flutter.embedding.engine.systemchannels.MouseCursorChannel mouseCursorChannel -> k
    io.flutter.embedding.engine.systemchannels.SettingsChannel settingsChannel -> o
    io.flutter.plugin.localization.LocalizationPlugin localizationPlugin -> e
    io.flutter.embedding.engine.systemchannels.SystemChannel systemChannel -> p
io.flutter.embedding.engine.FlutterEngine$1 -> io.flutter.embedding.engine.a$a:
    io.flutter.embedding.engine.FlutterEngine this$0 -> a
    void onPreEngineRestart() -> a
    void onEngineWillDestroy() -> b
io.flutter.embedding.engine.FlutterEngine$EngineLifecycleListener -> io.flutter.embedding.engine.a$b:
    void onPreEngineRestart() -> a
    void onEngineWillDestroy() -> b
io.flutter.embedding.engine.FlutterEngineCache -> io.flutter.embedding.engine.b:
    java.util.Map cachedEngines -> a
    io.flutter.embedding.engine.FlutterEngineCache instance -> b
    io.flutter.embedding.engine.FlutterEngine get(java.lang.String) -> a
    io.flutter.embedding.engine.FlutterEngineCache getInstance() -> b
    void put(java.lang.String,io.flutter.embedding.engine.FlutterEngine) -> c
    void remove(java.lang.String) -> d