build/app/outputs/mapping/release/usage.txt
com.example.native_lib_poc.R$integer
com.example.native_lib_poc.R$drawable
com.example.native_lib_poc.BuildConfig
com.example.native_lib_poc.R$layout
com.example.native_lib_poc.R$styleable
com.example.native_lib_poc.R$style
com.example.native_lib_poc.R$mipmap
com.example.native_lib_poc.R$attr
com.example.native_lib_poc.R
com.example.native_lib_poc.R$dimen
com.example.native_lib_poc.MainActivity:
    public static final synthetic io.flutter.plugin.common.MethodChannel$Result access$getResultTemp$p(com.example.native_lib_poc.MainActivity)
com.example.native_lib_poc.R$string
com.example.native_lib_poc.R$id
com.example.native_lib_poc.R$color
...
androidx.core.widget.TintableCompoundDrawablesView
com.google.common.base.CommonMatcher
com.google.common.util.concurrent.AbstractFuture:
    protected final boolean wasInterrupted()
    protected boolean setFuture(com.google.common.util.concurrent.ListenableFuture)
    final void maybePropagateCancellationTo(java.util.concurrent.Future)
    private static final long SPIN_THRESHOLD_NANOS
javax.annotation.WillNotClose
org.checkerframework.checker.nullness.compatqual.NonNullDecl
io.flutter.plugins.pathprovider.BuildConfig
com.google.common.util.concurrent.TimeoutFuture$1
org.checkerframework.checker.nullness.compatqual.PolyNullType
androidx.viewpager.widget.ViewPager$SavedState$1
com.google.common.collect.Iterables$6$1
com.google.common.collect.Multimaps$Entries
com.google.common.collect.StandardRowSortedTable$RowSortedMap
io.flutter.plugin.common.BasicMessageChannel:
    static void resizeChannelBuffer(io.flutter.plugin.common.BinaryMessenger,java.lang.String,int)
    public void resizeChannelBuffer(int)
    private static final java.lang.String TAG
    public static final java.lang.String CHANNEL_BUFFERS_CHANNEL
com.google.common.graph.Traverser$Order
com.google.common.graph.GraphConnections
com.google.common.collect.TreeRangeSet$SubRangeSetRangesByLowerBound
kotlin.coroutines.experimental.jvm.internal.CoroutineImpl
kotlin.sequences.SequencesKt___SequencesKt$asIterable$$inlined$Iterable$1
kotlin.SafePublicationLazyImpl$Companion
kotlin.properties.ObservableProperty
androidx.core.view.inputmethod.InputContentInfoCompat$InputContentInfoCompatApi25Impl
kotlin.jvm.internal.StringCompanionObject
androidx.loader.content.ModernAsyncTask$4
com.baseflow.permissionhandler.R$style
kotlin.collections.MapsKt__MapsJVMKt
kotlin.PreconditionsKt__PreconditionsKt
com.google.errorprone.annotations.concurrent.UnlockMethod
androidx.viewpager.widget.ViewPager$PageTransformer
com.google.common.collect.Maps$10
com.google.common.collect.Multisets$1$1
com.google.common.util.concurrent.CycleDetectingLockFactory$CycleDetectingReentrantReadWriteLock
com.google.common.collect.CompactHashMap$ValuesView
androidx.core.view.accessibility.AccessibilityManagerCompat$TouchExplorationStateChangeListener
kotlin.coroutines.experimental.migration.ExperimentalSuspendFunction2Migration
kotlin.jvm.internal.markers.KMutableCollection
kotlin.internal.InlineOnly
com.google.common.io.CharStreams
com.google.common.collect.Multimaps$Keys$1
androidx.collection.SparseArrayCompat
kotlin.coroutines.jvm.internal.DebugMetadataKt
com.google.common.collect.LinkedHashMultiset
kotlin.reflect.KTypeProjection
kotlin.comparisons.ComparisonsKt
androidx.core.view.accessibility.AccessibilityViewCommand$SetProgressArguments
com.google.common.collect.SortedLists
kotlin.sequences.SequencesKt___SequencesKt$minus$1$iterator$1
com.google.common.collect.RegularImmutableList
androidx.fragment.app.FragmentManager$FragmentLifecycleCallbacks
com.google.common.base.Splitter$1
com.google.common.util.concurrent.SmoothRateLimiter
kotlin.Metadata
kotlin.collections.UIntIterator
androidx.lifecycle.ComputableLiveData$2
org.intellij.lang.annotations.JdkConstants$AdjustableOrientation
androidx.core.util.DebugUtils
androidx.core.app.NotificationCompat
kotlin.time.AbstractLongClock
kotlin.ranges.IntProgression
com.google.common.eventbus.Dispatcher$PerThreadQueuedDispatcher$1
io.flutter.embedding.engine.systemchannels.KeyEventChannel:
    private static final java.lang.String TAG
com.google.common.eventbus.EventBus
kotlin.ranges.LongProgressionIterator
com.google.common.net.UrlEscapers
kotlin.collections.ArraysKt___ArraysJvmKt$asList$4
com.google.common.collect.Lists$RandomAccessReverseList